Arguments: 
  C:\Program Files\nodejs\node.exe C:\Program Files (x86)\Yarn\bin\yarn.js add dns

PATH: 
  C:\Program Files (x86)\Common Files\Oracle\Java\javapath;C:\WINDOWS\system32;C:\WINDOWS;C:\WINDOWS\System32\Wbem;C:\WINDOWS\System32\WindowsPowerShell\v1.0\;C:\Program Files\nodejs\;C:\Flutter\bin\;C:\Users\Diego\AppData\Local\Android\Sdk\tools\bin;C:\Users\Diego\AppData\Local\Android\Sdk\platform-tools;C:\Program Files\Java\jdk1.8.0_241\bin;C:\Users\Diego\AppData\Local\Android\Sdk\emulator;C:\Program Files\PuTTY\;C:\Program Files\PostgreSQL\12\bin;C:\WINDOWS\System32\OpenSSH\;C:\Program Files\PowerShell\7\;C:\Program Files\Git\cmd;C:\Gradle\gradle-6.3\\BIN;C:\Program Files (x86)\Yarn\bin\;C:\Program Files\Docker\Docker\resources\bin;C:\ProgramData\DockerDesktop\version-bin;C:\Ruby27-x64\bin;C:\Users\Diego\AppData\Local\Programs\Python\Python37\Scripts\;C:\Users\Diego\AppData\Local\Programs\Python\Python37\;C:\Users\Diego\AppData\Local\Microsoft\WindowsApps;;C:\Users\Diego\AppData\Local\Programs\Microsoft VS Code\bin;C:\Users\Diego\AppData\Roaming\npm;C:\Program Files\heroku\bin;C:\Program Files\MicroK8s;C:\Program Files\Multipass\bin;C:\Users\Diego\AppData\Local\Yarn\bin

Yarn version: 
  1.22.5

Node version: 
  12.16.1

Platform: 
  win32 x64

Trace: 
  Error: http://github.com/component/emitter/archive/1.0.1.tar.gz: ENOENT: no such file or directory, open 'C:\Users\Diego\AppData\Local\Yarn\Cache\v6\.tmp\c093b6de586a0ae2ebbab27ba3b833a5\.yarn-tarball.tgz'

npm manifest: 
  {
    "name": "valida-email",
    "version": "1.0.0",
    "description": "Valida se o dominio possui um MX",
    "main": "index.js",
    "author": "Diego Lopes",
    "license": "MIT"
  }

yarn manifest: 
  No manifest

Lockfile: 
  No lockfile
